[Tue 21 Jul 12:39:47 BST 2026] Processing: telo_windows/OY728134.1_1574301308_1576301307.fa
[Tue 21 Jul 12:40:30 BST 2026] Finished: OY728134.1_1574301308_1576301307

------------------------------------------------------------
Sender: LSF System <lsfadmin@node-13-12>
Subject: Job 302129[6]: <flexidot[1-20]%5> in cluster <farm22> Done

Job <flexidot[1-20]%5> was submitted from host <farm22-head2> by user <mb39> in cluster <farm22> at Tue Jul 21 12:39:13 2026
Job was executed on host(s) <node-13-12>, in queue <normal>, as user <mb39> in cluster <farm22> at Tue Jul 21 12:39:46 2026
</nfs/users/nfs_m/mb39> was used as the home directory.
</lustre/scratch122/tol/teams/blaxter/users/mb39/viscum_telo> was used as the working directory.
Started at Tue Jul 21 12:39:46 2026
Terminated at Tue Jul 21 12:40:31 2026
Results reported at Tue Jul 21 12:40:31 2026

Your job looked like:

------------------------------------------------------------
# LSBATCH: User input
./run_flexidot.bash
------------------------------------------------------------

Successfully completed.

Resource usage summary:

    CPU time :                                   42.94 sec.
    Max Memory :                                 1949 MB
    Average Memory :                             1060.62 MB
    Total Requested Memory :                     4000.00 MB
    Delta Memory :                               2051.00 MB
    Max Swap :                                   -
    Max Processes :                              4
    Max Threads :                                5
    Run time :                                   44 sec.
    Turnaround time :                            78 sec.

The output (if any) is above this job summary.



PS:

Read file <dotplots/logs/flexidot.6.err> for stderr output of this job.

