[Tue 21 Jul 12:39:14 BST 2026] Processing: telo_windows/OY728119.1_1_2000000.fa

------------------------------------------------------------
Sender: LSF System <lsfadmin@node-13-12>
Subject: Job 302129[1]: <flexidot[1-20]%5> in cluster <farm22> Exited

Job <flexidot[1-20]%5> was submitted from host <farm22-head2> by user <mb39> in cluster <farm22> at Tue Jul 21 12:39:13 2026
Job was executed on host(s) <node-13-12>, in queue <normal>, as user <mb39> in cluster <farm22> at Tue Jul 21 12:39:14 2026
</nfs/users/nfs_m/mb39> was used as the home directory.
</lustre/scratch122/tol/teams/blaxter/users/mb39/viscum_telo> was used as the working directory.
Started at Tue Jul 21 12:39:14 2026
Terminated at Tue Jul 21 12:39:46 2026
Results reported at Tue Jul 21 12:39:46 2026

Your job looked like:

------------------------------------------------------------
# LSBATCH: User input
./run_flexidot.bash
------------------------------------------------------------

TERM_MEMLIMIT: job killed after reaching LSF memory usage limit.
Exited with exit code 130.

Resource usage summary:

    CPU time :                                   28.57 sec.
    Max Memory :                                 4435 MB
    Average Memory :                             2843.67 MB
    Total Requested Memory :                     4000.00 MB
    Delta Memory :                               -435.00 MB
    Max Swap :                                   -
    Max Processes :                              4
    Max Threads :                                5
    Run time :                                   32 sec.
    Turnaround time :                            33 sec.

The output (if any) is above this job summary.



PS:

Read file <dotplots/logs/flexidot.1.err> for stderr output of this job.

