[Tue 21 Jul 12:41:29 BST 2026] Processing: telo_windows/OY728166.1_1496831828_1498831827.fa
[Tue 21 Jul 12:42:05 BST 2026] Finished: OY728166.1_1496831828_1498831827

------------------------------------------------------------
Sender: LSF System <lsfadmin@node-13-12>
Subject: Job 302129[20]: <flexidot[1-20]%5> in cluster <farm22> Done

Job <flexidot[1-20]%5> was submitted from host <farm22-head2> by user <mb39> in cluster <farm22> at Tue Jul 21 12:39:13 2026
Job was executed on host(s) <node-13-12>, in queue <normal>, as user <mb39> in cluster <farm22> at Tue Jul 21 12:41:28 2026
</nfs/users/nfs_m/mb39> was used as the home directory.
</lustre/scratch122/tol/teams/blaxter/users/mb39/viscum_telo> was used as the working directory.
Started at Tue Jul 21 12:41:28 2026
Terminated at Tue Jul 21 12:42:05 2026
Results reported at Tue Jul 21 12:42:05 2026

Your job looked like:

------------------------------------------------------------
# LSBATCH: User input
./run_flexidot.bash
------------------------------------------------------------

Successfully completed.

Resource usage summary:

    CPU time :                                   36.46 sec.
    Max Memory :                                 1986 MB
    Average Memory :                             749.38 MB
    Total Requested Memory :                     4000.00 MB
    Delta Memory :                               2014.00 MB
    Max Swap :                                   -
    Max Processes :                              4
    Max Threads :                                5
    Run time :                                   37 sec.
    Turnaround time :                            172 sec.

The output (if any) is above this job summary.



PS:

Read file <dotplots/logs/flexidot.20.err> for stderr output of this job.

